<?xml version="1.0" encoding="UTF-8"?>
<TestRun id="cc83e66e-4352-4eb5-982a-f71019ccfdba" name="rcwaminal@TSTPC22 2011-03-29 15:29:29" runUser="CORP\rcwaminal" xmlns="http://microsoft.com/schemas/VisualStudio/TeamTest/2006">
  <TestRunConfiguration name="Default Run Configuration" id="63a273fe-23d0-4bf8-89f0-94f9d77bc345">
    <Deployment runDeploymentRoot="E:\Rob\projects (local copy)\Suwat2x\blurt.ph\TestResults\rcwaminal_TSTPC22 2011-03-29 15_29_29">
      <DeploymentItem filename="E:\Rob\projects (local copy)\Suwat2x\blurt.ph\SuwatAligut2x.Data\bin\Debug\SuwatAligut2x.Data.dll" />
      <DeploymentItem filename="E:\Rob\projects (local copy)\Suwat2x\blurt.ph\SuwatAligut2x\bin\SuwatAligut2x.dll" />
    </Deployment>
    <Hosts skipUnhostableTests="false" />
    <TestTypeSpecific />
  </TestRunConfiguration>
  <ResultSummary outcome="Warning">
    <Counters total="1" executed="1" passed="1" error="0" failed="0" timeout="0" aborted="0" inconclusive="0" passedButRunAborted="0" notRunnable="0" notExecuted="0" disconnected="0" warning="0" completed="0" inProgress="0" pending="0" />
    <RunInfos>
      <RunInfo computerName="TSTPC22" outcome="Warning" timestamp="2011-03-29T15:29:30.3593388+08:00">
        <Text>Warning: Test Run deployment issue: The assembly or module 'log4net' directly or indirectly referenced by the test container 'e:\rob\projects (local copy)\suwat2x\blurt.ph\suwataligut2x.tests\bin\debug\suwataligut2x.tests.dll' was not found.</Text>
      </RunInfo>
    </RunInfos>
  </ResultSummary>
  <Times creation="2011-03-29T15:29:29.8906098+08:00" queuing="2011-03-29T15:29:31.9998903+08:00" start="2011-03-29T15:29:32.1561333+08:00" finish="2011-03-29T15:29:32.9373483+08:00" />
  <TestDefinitions>
    <UnitTest name="GetRandomStringTest" storage="e:\rob\projects (local copy)\suwat2x\blurt.ph\suwataligut2x.tests\bin\debug\suwataligut2x.tests.dll" id="bc480bab-0cef-6fef-dda4-6ab3cdb7e500">
      <Css projectStructure="" iteration="" />
      <Owners>
        <Owner name="" />
      </Owners>
      <Execution id="a59e69ad-49eb-4987-8951-c58024b0fc67" />
      <TestMethod codeBase="E:\Rob\projects (local copy)\Suwat2x\blurt.ph\SuwatAligut2x.Tests\bin\Debug\SuwatAligut2x.Tests.dll" adapterTypeName="Microsoft.VisualStudio.TestTools.TestTypes.Unit.UnitTestAdapter, Microsoft.VisualStudio.QualityTools.Tips.UnitTest.Adapter, Version=9.0.0.0, Culture=neutral, PublicKeyToken=b03f5f7f11d50a3a" className="SuwatAligut2x.Tests.RandomTests, SuwatAligut2x.Tests" name="GetRandomStringTest" />
    </UnitTest>
  </TestDefinitions>
  <TestLists>
    <TestList name="Results Not in a List" id="8c84fa94-04c1-424b-9868-57a2d4851a1d" />
    <TestList name="All Loaded Results" id="19431567-8539-422a-85d7-44ee4e166bda" />
  </TestLists>
  <TestEntries>
    <TestEntry testId="bc480bab-0cef-6fef-dda4-6ab3cdb7e500" executionId="a59e69ad-49eb-4987-8951-c58024b0fc67" testListId="8c84fa94-04c1-424b-9868-57a2d4851a1d" />
  </TestEntries>
  <Results>
    <UnitTestResult executionId="a59e69ad-49eb-4987-8951-c58024b0fc67" testId="bc480bab-0cef-6fef-dda4-6ab3cdb7e500" testName="GetRandomStringTest" computerName="TSTPC22" duration="00:00:00.1171307" startTime="2011-03-29T15:29:32.2030062+08:00" endTime="2011-03-29T15:29:32.8748511+08:00" testType="13cdc9d9-ddb5-4fa4-a97d-d965ccfc6d4b" outcome="Passed" testListId="8c84fa94-04c1-424b-9868-57a2d4851a1d">
      <Output>
      </Output>
    </UnitTestResult>
  </Results>
</TestRun>