<?xml version="1.0" encoding="UTF-8"?>
<TestRun id="62c64288-ec37-4437-9809-3c3ccaca42de" name="rcwaminal@TSTPC22 2011-03-29 15:29:38" runUser="CORP\rcwaminal" xmlns="http://microsoft.com/schemas/VisualStudio/TeamTest/2006">
  <TestRunConfiguration name="Default Run Configuration" id="82d5fb39-249b-4659-83c7-25798ebb9bb3">
    <Deployment runDeploymentRoot="E:\Rob\projects (local copy)\Suwat2x\blurt.ph\TestResults\rcwaminal_TSTPC22 2011-03-29 15_29_38">
      <DeploymentItem filename="E:\Rob\projects (local copy)\Suwat2x\blurt.ph\SuwatAligut2x.Data\bin\Debug\SuwatAligut2x.Data.dll" />
      <DeploymentItem filename="E:\Rob\projects (local copy)\Suwat2x\blurt.ph\SuwatAligut2x\bin\SuwatAligut2x.dll" />
    </Deployment>
    <Hosts skipUnhostableTests="false" />
    <TestTypeSpecific />
  </TestRunConfiguration>
  <ResultSummary outcome="Warning">
    <Counters total="1" executed="1" passed="1" error="0" failed="0" timeout="0" aborted="0" inconclusive="0" passedButRunAborted="0" notRunnable="0" notExecuted="0" disconnected="0" warning="0" completed="0" inProgress="0" pending="0" />
    <RunInfos>
      <RunInfo computerName="TSTPC22" outcome="Warning" timestamp="2011-03-29T15:29:39.5308029+08:00">
        <Text>Warning: Test Run deployment issue: The assembly or module 'log4net' directly or indirectly referenced by the test container 'e:\rob\projects (local copy)\suwat2x\blurt.ph\suwataligut2x.tests\bin\debug\suwataligut2x.tests.dll' was not found.</Text>
      </RunInfo>
    </RunInfos>
  </ResultSummary>
  <Times creation="2011-03-29T15:29:38.8120851+08:00" queuing="2011-03-29T15:29:40.1401506+08:00" start="2011-03-29T15:29:40.2807693+08:00" finish="2011-03-29T15:29:47.5929417+08:00" />
  <TestDefinitions>
    <UnitTest name="GetRandomStringTest" storage="e:\rob\projects (local copy)\suwat2x\blurt.ph\suwataligut2x.tests\bin\debug\suwataligut2x.tests.dll" id="bc480bab-0cef-6fef-dda4-6ab3cdb7e500">
      <Css projectStructure="" iteration="" />
      <Owners>
        <Owner name="" />
      </Owners>
      <Execution id="c776f5e5-c345-4037-8b98-23b6685b2cb5" />
      <TestMethod codeBase="E:\Rob\projects (local copy)\Suwat2x\blurt.ph\SuwatAligut2x.Tests\bin\Debug\SuwatAligut2x.Tests.dll" adapterTypeName="Microsoft.VisualStudio.TestTools.TestTypes.Unit.UnitTestAdapter, Microsoft.VisualStudio.QualityTools.Tips.UnitTest.Adapter, Version=9.0.0.0, Culture=neutral, PublicKeyToken=b03f5f7f11d50a3a" className="SuwatAligut2x.Tests.RandomTests, SuwatAligut2x.Tests" name="GetRandomStringTest" />
    </UnitTest>
  </TestDefinitions>
  <TestLists>
    <TestList name="Results Not in a List" id="8c84fa94-04c1-424b-9868-57a2d4851a1d" />
    <TestList name="All Loaded Results" id="19431567-8539-422a-85d7-44ee4e166bda" />
  </TestLists>
  <TestEntries>
    <TestEntry testId="bc480bab-0cef-6fef-dda4-6ab3cdb7e500" executionId="c776f5e5-c345-4037-8b98-23b6685b2cb5" testListId="8c84fa94-04c1-424b-9868-57a2d4851a1d" />
  </TestEntries>
  <Results>
    <UnitTestResult executionId="c776f5e5-c345-4037-8b98-23b6685b2cb5" testId="bc480bab-0cef-6fef-dda4-6ab3cdb7e500" testName="GetRandomStringTest" computerName="TSTPC22" duration="00:00:06.5132201" startTime="2011-03-29T15:29:40.4526366+08:00" endTime="2011-03-29T15:29:47.4835716+08:00" testType="13cdc9d9-ddb5-4fa4-a97d-d965ccfc6d4b" outcome="Passed" testListId="8c84fa94-04c1-424b-9868-57a2d4851a1d">
      <Output>
      </Output>
    </UnitTestResult>
  </Results>
</TestRun>